2021-02-18 17:09:58.657 - INFO - 11382 - azureml.train.automl._azureautomlclient.modify_run_configuration:199 - Package azureml-train-automl missing from dependencies file.
2021-02-18 17:09:58.657 - INFO - 11382 - azureml.train.automl._azureautomlclient.modify_run_configuration:205 - Using pinned version: azureml-train-automl==1.20.0.*
2021-02-18 17:09:58.658 - INFO - 11382 - azureml.train.automl._azureautomlclient.modify_run_configuration:199 - Package pandas missing from dependencies file.
2021-02-18 17:09:58.658 - INFO - 11382 - azureml.train.automl._azureautomlclient.modify_run_configuration:205 - Using pinned version: pandas==0.25.1
2021-02-18 17:09:58.658 - INFO - 11382 - azureml.train.automl._azureautomlclient.modify_run_configuration:199 - Package psutil missing from dependencies file.
2021-02-18 17:09:58.659 - INFO - 11382 - azureml.train.automl._azureautomlclient.modify_run_configuration:205 - Using pinned version: psutil>5.0.0,<6.0.0
2021-02-18 17:09:58.659 - INFO - 11382 - azureml.train.automl._azureautomlclient.modify_run_configuration:199 - Package scikit-learn missing from dependencies file.
2021-02-18 17:09:58.659 - INFO - 11382 - azureml.train.automl._azureautomlclient.modify_run_configuration:205 - Using pinned version: scikit-learn==0.22.1
2021-02-18 17:09:58.659 - INFO - 11382 - azureml.train.automl._azureautomlclient.modify_run_configuration:199 - Package numpy missing from dependencies file.
2021-02-18 17:09:58.660 - INFO - 11382 - azureml.train.automl._azureautomlclient.modify_run_configuration:205 - Using pinned version: numpy~=1.18.0
2021-02-18 17:09:58.660 - INFO - 11382 - azureml.train.automl._azureautomlclient.modify_run_configuration:199 - Package py-xgboost missing from dependencies file.
2021-02-18 17:09:58.660 - INFO - 11382 - azureml.train.automl._azureautomlclient.modify_run_configuration:205 - Using pinned version: py-xgboost<=0.90
2021-02-18 17:09:58.661 - INFO - 11382 - azureml.train.automl._azureautomlclient.modify_run_configuration:199 - Package inference-schema missing from dependencies file.
2021-02-18 17:09:58.662 - INFO - 11382 - azureml.train.automl._azureautomlclient.modify_run_configuration:199 - Package fbprophet missing from dependencies file.
2021-02-18 17:09:58.662 - INFO - 11382 - azureml.train.automl._azureautomlclient.modify_run_configuration:205 - Using pinned version: fbprophet==0.5
2021-02-18 17:09:58.663 - INFO - 11382 - azureml.train.automl._azureautomlclient.modify_run_configuration:199 - Package setuptools-git missing from dependencies file.
2021-02-18 17:09:58.663 - INFO - 11382 - azureml.train.automl._azureautomlclient.modify_run_configuration:209 - Using installed version: setuptools-git==1.2
2021-02-18 17:09:58.669 - INFO - 11382 - azureml.train.automl._azureautomlclient._validate_input:664 - Start data validation.
2021-02-18 17:09:59.602 - INFO - 11382 - azureml.train.automl._azureautomlclient._validate_input:677 - Validation service found the data has no errors.
2021-02-18 17:09:59.603 - INFO - 11382 - azureml.train.automl._azureautomlclient._create_parent_run_for_remote:542 - Start creating parent run.
2021-02-18 17:09:59.860 - INFO - 11382 - azureml.train.automl._azureautomlclient._create_parent_run_for_remote:562 - [ParentRunID:AutoML_3c71c4ea-e591-4b72-8a0a-c6e0139a277c] Remote run using input X and y.
2021-02-18 17:10:00.299 - INFO - 11382 - azureml.train.automl._azureautomlclient._create_parent_run_for_remote:575 - Parent Run ID: AutoML_3c71c4ea-e591-4b72-8a0a-c6e0139a277c
2021-02-18 17:10:00.302 - INFO - 11382 - azureml.train.automl._azureautomlclient._fit_remote_core:503 - Starting a snapshot run (snapshot_id : None)
