2021-02-23 15:06:28.605 - INFO - 104 - azureml.train.automl.runtime._entrypoints.utils.common._get_cache_data_store:198 - Successfully got the cache data store, caching enabled.
2021-02-23 15:06:28.605 - INFO - 104 - azureml.train.automl.runtime._entrypoints.utils.common._get_cache_data_store:209 - Took 0.21895384788513184 seconds to retrieve cache data store
2021-02-23 15:06:28.845 - INFO - 104 - azureml.automl.runtime.shared.cache_store._log_activity:54 - ActivityStarted: load
2021-02-23 15:06:28.858 - INFO - 104 - azureml.automl.runtime.shared.cache_store._log_activity:92 - ActivityCompleted: Activity=load, HowEnded=Success, Duration=12.39[ms]
2021-02-23 15:06:28.858 - INFO - 104 - azureml.train.automl.runtime._entrypoints.utils.featurization._prep_input_data:53 - Preparing input data for setup iteration for run AutoML_706510b9-e904-4da3-80f4-3cd9ee175e4e_setup.
2021-02-23 15:06:28.858 - INFO - 104 - azureml.train.automl.runtime._data_preparer.get_preparer:316 - Resolving dataflows using dprep json.
2021-02-23 15:06:28.858 - INFO - 104 - azureml.train.automl.runtime._data_preparer.get_preparer:317 - DataPrep version: 2.9.1
2021-02-23 15:06:28.859 - INFO - 104 - azureml.train.automl.runtime._data_preparer.get_preparer:320 - DataPrep log client session id: f1c15331-7e42-465d-8b4b-803d1d8312cc
2021-02-23 15:06:28.860 - INFO - 104 - azureml.train.automl.runtime._data_preparer._log_activity:54 - ActivityStarted: ParsingDataprepJSON
2021-02-23 15:06:28.860 - INFO - 104 - azureml.train.automl.runtime._data_preparer._parse:221 - Deserializing dataflow.
2021-02-23 15:06:35.379 - INFO - 104 - azureml.train.automl.runtime._data_preparer._log_activity:92 - ActivityCompleted: Activity=ParsingDataprepJSON, HowEnded=Success, Duration=6519.77[ms]
2021-02-23 15:06:35.380 - INFO - 104 - azureml.train.automl.runtime._data_preparer._log_activity:54 - ActivityStarted: BuildingDataCharacteristics
2021-02-23 15:06:35.380 - INFO - 104 - azureml.train.automl.runtime._data_preparer._build_data_characterstics:131 - Starting data characteristics calculation. This might take a while...
2021-02-23 15:13:16.673 - INFO - 104 - azureml.train.automl.runtime._data_preparer._log_activity:92 - ActivityCompleted: Activity=BuildingDataCharacteristics, HowEnded=Success, Duration=401292.88[ms]
2021-02-23 15:13:16.673 - INFO - 104 - azureml.train.automl.runtime._data_preparer.get_preparer:339 - Successfully retrieved data using <class 'str'>.
2021-02-23 15:13:16.673 - INFO - 104 - azureml.train.automl.runtime._entrypoints.utils.featurization._are_inputs_conducive_for_streaming:179 - Streaming is not conducive due to incompatible settings. Reason[s]: [ONNX compatibility is not supported]
2021-02-23 15:13:16.682 - INFO - 104 - azureml.train.automl._automl_feature_config_manager.fetch_all_feature_profiles_for_run:55 - Preparing to fetch all feature profiles for the run.
2021-02-23 15:13:16.682 - INFO - 104 - azureml.train.automl._automl_feature_config_manager.fetch_all_feature_profiles_for_run:75 - There are no feature profile requests to make for this run.
2021-02-23 15:13:16.682 - INFO - 104 - azureml.train.automl.runtime._entrypoints.utils.featurization._prep_input_data:81 - Service responded with streaming disabled
2021-02-23 15:25:17.664 - INFO - 104 - azureml.automl.runtime._automl_settings_utilities.rule_based_validation:82 - Rule based validation: Using rule based cv now with cv 10.
2021-02-23 15:25:17.665 - INFO - 104 - azureml.automl.runtime.onnx_convert.onnx_converter._logger_wrapper:1472 - {"Module": "[ONNXConverter]", "Event": "[InitInput]", "Status": "[Start]", "ModelName": "", "ModelDesc": null, "Message": "Input initialization started."}
2021-02-23 15:25:17.693 - INFO - 104 - azureml.automl.runtime.onnx_convert.onnx_converter._logger_wrapper:1472 - {"Module": "[ONNXConverter]", "Event": "[InitInput]", "Status": "[End.Succeeded]", "ModelName": "", "ModelDesc": null, "Message": "Input initialization succeeded."}
2021-02-23 15:25:17.693 - INFO - 104 - azureml.train.automl.runtime._entrypoints.utils.featurization.cache_onnx_init_metadata:206 - Successfully initialized ONNX converter for run AutoML_706510b9-e904-4da3-80f4-3cd9ee175e4e.
2021-02-23 15:25:17.699 - INFO - 104 - azureml.train.automl.runtime._entrypoints.utils.featurization.cache_onnx_init_metadata:207 - Begin saving onnx initialization metadata for run AutoML_706510b9-e904-4da3-80f4-3cd9ee175e4e.
2021-02-23 15:25:17.706 - INFO - 104 - azureml.train.automl.runtime._azurefilecachestore.add:144 - Adding data to Azure file store cache
2021-02-23 15:25:17.707 - INFO - 104 - azureml.automl.runtime.shared.cache_store._log_activity:54 - ActivityStarted: add
2021-02-23 15:25:17.707 - INFO - 104 - azureml.train.automl.runtime._azurefilecachestore.add:148 - Uploading key: _CACHE_STORE_KEY_ONNX_CONVERTER_INIT_METADATA_
2021-02-23 15:25:17.707 - INFO - 104 - azureml.automl.runtime.shared.cache_store._log_activity:54 - ActivityStarted: _serialize_and_upload
2021-02-23 15:25:17.927 - INFO - 104 - azureml.automl.runtime.shared.cache_store._log_activity:54 - ActivityStarted: _persist_saved_as_file
2021-02-23 15:25:18.015 - INFO - 104 - azureml.automl.runtime.shared.cache_store._log_activity:92 - ActivityCompleted: Activity=_persist_saved_as_file, HowEnded=Success, Duration=87.25[ms]
2021-02-23 15:25:18.021 - INFO - 104 - azureml.train.automl.runtime._azurefilecachestore._persist_saved_as_file:304 - Persisted saved_as file. The saved_as object is: {'_CACHE_STORE_KEY_ONNX_CONVERTER_INIT_METADATA_': <_SavedAsProtocol.PICKLE: 1>}
2021-02-23 15:25:18.028 - INFO - 104 - azureml.automl.runtime.shared.cache_store._log_activity:92 - ActivityCompleted: Activity=_serialize_and_upload, HowEnded=Success, Duration=320.78[ms]
2021-02-23 15:25:18.028 - INFO - 104 - azureml.automl.runtime.shared.cache_store._log_activity:92 - ActivityCompleted: Activity=add, HowEnded=Success, Duration=321.52[ms]
2021-02-23 15:25:18.029 - INFO - 104 - azureml.train.automl.runtime._entrypoints.utils.featurization.cache_onnx_init_metadata:210 - Successfully Saved onnx initialization metadata for run AutoML_706510b9-e904-4da3-80f4-3cd9ee175e4e.
2021-02-23 15:25:18.029 - INFO - 104 - azureml.train.automl.runtime._automl_job_phases.experiment_preparation_phase._validate_training_data:94 - Validating training data.
2021-02-23 15:25:18.029 - INFO - 104 - azureml.automl.runtime.training_utilities.validate_training_data_dict:436 - Start data validation.
2021-02-23 15:25:18.051 - INFO - 104 - azureml.automl.runtime._common_training_utilities.check_target_uniqueness:30 - 2 unique classes detected.
2021-02-23 15:25:18.052 - INFO - 104 - azureml.train.automl.runtime._automl_job_phases.experiment_preparation_phase._validate_training_data:96 - Input data successfully validated.
2021-02-23 15:25:18.052 - INFO - 104 - azureml.train.automl.runtime._automl_job_phases.experiment_preparation_phase.run:47 - AutoML setup phase for run AutoML_706510b9-e904-4da3-80f4-3cd9ee175e4e_setup.
2021-02-23 15:25:18.052 - INFO - 104 - azureml.train.automl.runtime._automl_job_phases.experiment_preparation_phase.run:54 - Checking if feature sweeping is necessary.
2021-02-23 15:25:18.052 - INFO - 104 - azureml.automl.runtime.data_transformation.create_transformed_data_context_no_streaming:230 - Pre-processing user data
2021-02-23 15:25:18.056 - INFO - 104 - azureml.automl.runtime.data_transformation.create_transformed_data_context_no_streaming:231 - The size of the raw data is: 34663
2021-02-23 15:25:18.059 - INFO - 104 - azureml.automl.core.shared.utilities._log_raw_data_stat:227 - [YCol]RawFeatureStats:{"num_unique_vals": "2", "total_number_vals": "303", "total_number_vals_including_nans": "303", "num_na": "0", "column_type": "\"integer\"", "lengths": "{}", "num_unique_lens": "0", "average_entry_length": "0", "average_number_spaces": "0", "cardinality_ratio": "0", "is_datetime": "false", "is_all_nan": "false", "unicode_median_value": "0"}
2021-02-23 15:25:18.061 - INFO - 104 - azureml.automl.runtime.data_transformation._log_data_info:516 - X_raw datatype is <class 'pandas.core.frame.DataFrame'>, shape is (303, 13), datasize is 31640.
2021-02-23 15:25:18.061 - INFO - 104 - azureml.automl.runtime.data_transformation._log_data_info:519 - X_valid_raw is None, no data details to log.
2021-02-23 15:25:18.061 - INFO - 104 - azureml.automl.runtime.data_transformation._log_data_info:516 - y_raw datatype is <class 'numpy.ndarray'>, shape is (303,), datasize is 2424.
2021-02-23 15:25:18.062 - INFO - 104 - azureml.automl.runtime.data_transformation._log_data_info:519 - y_valid_raw is None, no data details to log.
2021-02-23 15:25:18.062 - INFO - 104 - azureml.automl.runtime.data_transformation._remove_nan_rows_in_X_y:39 - Inspecting target column for missing values.
2021-02-23 15:25:18.062 - INFO - 104 - azureml.automl.runtime.data_transformation._class_balancing_check:680 - Start checking class balancing on y data.
2021-02-23 15:25:18.063 - INFO - 104 - azureml.automl.runtime.data_transformation._log_data_info:516 - X datatype is <class 'pandas.core.frame.DataFrame'>, shape is (303, 13), datasize is 31640.
2021-02-23 15:25:18.064 - INFO - 104 - azureml.automl.runtime.data_transformation._log_data_info:519 - X_valid is None, no data details to log.
2021-02-23 15:25:18.064 - INFO - 104 - azureml.automl.runtime.data_transformation._log_data_info:516 - y datatype is <class 'numpy.ndarray'>, shape is (303,), datasize is 2424.
2021-02-23 15:25:18.064 - INFO - 104 - azureml.automl.runtime.data_transformation._log_data_info:519 - y_valid is None, no data details to log.
2021-02-23 15:25:18.082 - INFO - 104 - azureml.automl.runtime._ml_engine.featurizer_suggestion.suggest_featurizers.suggest_featurizers:113 - Start getting transformers.
2021-02-23 15:25:18.083 - INFO - 104 - azureml.automl.core.shared.utilities._log_raw_data_stat:227 - [XColNum:0]RawFeatureStats:{"num_unique_vals": "41", "total_number_vals": "303", "total_number_vals_including_nans": "303", "num_na": "0", "column_type": "\"integer\"", "lengths": "{}", "num_unique_lens": "0", "average_entry_length": "0", "average_number_spaces": "0", "cardinality_ratio": "0", "is_datetime": "false", "is_all_nan": "false", "unicode_median_value": "0"}
2021-02-23 15:25:18.083 - INFO - 104 - azureml.automl.runtime._ml_engine.featurizer_suggestion.suggest_featurizers._get_transforms_per_column_purpose:318 - Preprocess transformer for col 0, datatype: int64, detected datatype Numeric
2021-02-23 15:25:18.083 - INFO - 104 - azureml.automl.core.shared.utilities._log_raw_data_stat:227 - [XColNum:3]RawFeatureStats:{"num_unique_vals": "49", "total_number_vals": "303", "total_number_vals_including_nans": "303", "num_na": "0", "column_type": "\"integer\"", "lengths": "{}", "num_unique_lens": "0", "average_entry_length": "0", "average_number_spaces": "0", "cardinality_ratio": "0", "is_datetime": "false", "is_all_nan": "false", "unicode_median_value": "0"}
2021-02-23 15:25:18.084 - INFO - 104 - azureml.automl.runtime._ml_engine.featurizer_suggestion.suggest_featurizers._get_transforms_per_column_purpose:318 - Preprocess transformer for col 3, datatype: int64, detected datatype Numeric
2021-02-23 15:25:18.084 - INFO - 104 - azureml.automl.core.shared.utilities._log_raw_data_stat:227 - [XColNum:4]RawFeatureStats:{"num_unique_vals": "152", "total_number_vals": "303", "total_number_vals_including_nans": "303", "num_na": "0", "column_type": "\"integer\"", "lengths": "{}", "num_unique_lens": "0", "average_entry_length": "0", "average_number_spaces": "0", "cardinality_ratio": "0", "is_datetime": "false", "is_all_nan": "false", "unicode_median_value": "0"}
2021-02-23 15:25:18.084 - INFO - 104 - azureml.automl.runtime._ml_engine.featurizer_suggestion.suggest_featurizers._get_transforms_per_column_purpose:318 - Preprocess transformer for col 4, datatype: int64, detected datatype Numeric
2021-02-23 15:25:18.084 - INFO - 104 - azureml.automl.core.shared.utilities._log_raw_data_stat:227 - [XColNum:7]RawFeatureStats:{"num_unique_vals": "91", "total_number_vals": "303", "total_number_vals_including_nans": "303", "num_na": "0", "column_type": "\"integer\"", "lengths": "{}", "num_unique_lens": "0", "average_entry_length": "0", "average_number_spaces": "0", "cardinality_ratio": "0", "is_datetime": "false", "is_all_nan": "false", "unicode_median_value": "0"}
2021-02-23 15:25:18.084 - INFO - 104 - azureml.automl.runtime._ml_engine.featurizer_suggestion.suggest_featurizers._get_transforms_per_column_purpose:318 - Preprocess transformer for col 7, datatype: int64, detected datatype Numeric
2021-02-23 15:25:18.084 - INFO - 104 - azureml.automl.core.shared.utilities._log_raw_data_stat:227 - [XColNum:9]RawFeatureStats:{"num_unique_vals": "40", "total_number_vals": "303", "total_number_vals_including_nans": "303", "num_na": "0", "column_type": "\"floating\"", "lengths": "{}", "num_unique_lens": "0", "average_entry_length": "0", "average_number_spaces": "0", "cardinality_ratio": "0", "is_datetime": "false", "is_all_nan": "false", "unicode_median_value": "0"}
2021-02-23 15:25:18.084 - INFO - 104 - azureml.automl.runtime._ml_engine.featurizer_suggestion.suggest_featurizers._get_transforms_per_column_purpose:318 - Preprocess transformer for col 9, datatype: float64, detected datatype Numeric
2021-02-23 15:25:18.085 - INFO - 104 - azureml.automl.core.shared.utilities._log_raw_data_stat:227 - [XColNum:1]RawFeatureStats:{"num_unique_vals": "2", "total_number_vals": "303", "total_number_vals_including_nans": "303", "num_na": "0", "column_type": "\"integer\"", "lengths": "{}", "num_unique_lens": "0", "average_entry_length": "0", "average_number_spaces": "0", "cardinality_ratio": "0", "is_datetime": "false", "is_all_nan": "false", "unicode_median_value": "0"}
2021-02-23 15:25:18.085 - INFO - 104 - azureml.automl.runtime._ml_engine.featurizer_suggestion.suggest_featurizers._get_transforms_per_column_purpose:318 - Preprocess transformer for col 1, datatype: int64, detected datatype Categorical
2021-02-23 15:25:18.085 - INFO - 104 - azureml.automl.core.shared.utilities._log_raw_data_stat:227 - [XColNum:2]RawFeatureStats:{"num_unique_vals": "4", "total_number_vals": "303", "total_number_vals_including_nans": "303", "num_na": "0", "column_type": "\"integer\"", "lengths": "{}", "num_unique_lens": "0", "average_entry_length": "0", "average_number_spaces": "0", "cardinality_ratio": "0", "is_datetime": "false", "is_all_nan": "false", "unicode_median_value": "0"}
2021-02-23 15:25:18.085 - INFO - 104 - azureml.automl.runtime._ml_engine.featurizer_suggestion.suggest_featurizers._get_transforms_per_column_purpose:318 - Preprocess transformer for col 2, datatype: int64, detected datatype Categorical
2021-02-23 15:25:18.085 - INFO - 104 - azureml.automl.core.shared.utilities._log_raw_data_stat:227 - [XColNum:5]RawFeatureStats:{"num_unique_vals": "2", "total_number_vals": "303", "total_number_vals_including_nans": "303", "num_na": "0", "column_type": "\"integer\"", "lengths": "{}", "num_unique_lens": "0", "average_entry_length": "0", "average_number_spaces": "0", "cardinality_ratio": "0", "is_datetime": "false", "is_all_nan": "false", "unicode_median_value": "0"}
2021-02-23 15:25:18.085 - INFO - 104 - azureml.automl.runtime._ml_engine.featurizer_suggestion.suggest_featurizers._get_transforms_per_column_purpose:318 - Preprocess transformer for col 5, datatype: int64, detected datatype Categorical
2021-02-23 15:25:18.086 - INFO - 104 - azureml.automl.core.shared.utilities._log_raw_data_stat:227 - [XColNum:6]RawFeatureStats:{"num_unique_vals": "3", "total_number_vals": "303", "total_number_vals_including_nans": "303", "num_na": "0", "column_type": "\"integer\"", "lengths": "{}", "num_unique_lens": "0", "average_entry_length": "0", "average_number_spaces": "0", "cardinality_ratio": "0", "is_datetime": "false", "is_all_nan": "false", "unicode_median_value": "0"}
2021-02-23 15:25:18.086 - INFO - 104 - azureml.automl.runtime._ml_engine.featurizer_suggestion.suggest_featurizers._get_transforms_per_column_purpose:318 - Preprocess transformer for col 6, datatype: int64, detected datatype Categorical
2021-02-23 15:25:18.086 - INFO - 104 - azureml.automl.core.shared.utilities._log_raw_data_stat:227 - [XColNum:8]RawFeatureStats:{"num_unique_vals": "2", "total_number_vals": "303", "total_number_vals_including_nans": "303", "num_na": "0", "column_type": "\"integer\"", "lengths": "{}", "num_unique_lens": "0", "average_entry_length": "0", "average_number_spaces": "0", "cardinality_ratio": "0", "is_datetime": "false", "is_all_nan": "false", "unicode_median_value": "0"}
2021-02-23 15:25:18.086 - INFO - 104 - azureml.automl.runtime._ml_engine.featurizer_suggestion.suggest_featurizers._get_transforms_per_column_purpose:318 - Preprocess transformer for col 8, datatype: int64, detected datatype Categorical
2021-02-23 15:25:18.086 - INFO - 104 - azureml.automl.core.shared.utilities._log_raw_data_stat:227 - [XColNum:10]RawFeatureStats:{"num_unique_vals": "3", "total_number_vals": "303", "total_number_vals_including_nans": "303", "num_na": "0", "column_type": "\"integer\"", "lengths": "{}", "num_unique_lens": "0", "average_entry_length": "0", "average_number_spaces": "0", "cardinality_ratio": "0", "is_datetime": "false", "is_all_nan": "false", "unicode_median_value": "0"}
2021-02-23 15:25:18.086 - INFO - 104 - azureml.automl.runtime._ml_engine.featurizer_suggestion.suggest_featurizers._get_transforms_per_column_purpose:318 - Preprocess transformer for col 10, datatype: int64, detected datatype Categorical
2021-02-23 15:25:18.087 - INFO - 104 - azureml.automl.core.shared.utilities._log_raw_data_stat:227 - [XColNum:11]RawFeatureStats:{"num_unique_vals": "5", "total_number_vals": "303", "total_number_vals_including_nans": "303", "num_na": "0", "column_type": "\"integer\"", "lengths": "{}", "num_unique_lens": "0", "average_entry_length": "0", "average_number_spaces": "0", "cardinality_ratio": "0", "is_datetime": "false", "is_all_nan": "false", "unicode_median_value": "0"}
2021-02-23 15:25:18.087 - INFO - 104 - azureml.automl.runtime._ml_engine.featurizer_suggestion.suggest_featurizers._get_transforms_per_column_purpose:318 - Preprocess transformer for col 11, datatype: int64, detected datatype Categorical
2021-02-23 15:25:18.087 - INFO - 104 - azureml.automl.core.shared.utilities._log_raw_data_stat:227 - [XColNum:12]RawFeatureStats:{"num_unique_vals": "4", "total_number_vals": "303", "total_number_vals_including_nans": "303", "num_na": "0", "column_type": "\"integer\"", "lengths": "{}", "num_unique_lens": "0", "average_entry_length": "0", "average_number_spaces": "0", "cardinality_ratio": "0", "is_datetime": "false", "is_all_nan": "false", "unicode_median_value": "0"}
2021-02-23 15:25:18.087 - INFO - 104 - azureml.automl.runtime._ml_engine.featurizer_suggestion.suggest_featurizers._get_transforms_per_column_purpose:318 - Preprocess transformer for col 12, datatype: int64, detected datatype Categorical
2021-02-23 15:25:18.087 - INFO - 104 - azureml.automl.runtime._ml_engine.featurizer_suggestion.suggest_featurizers._log_activity:54 - ActivityStarted: FeatureSweeping
2021-02-23 15:25:18.087 - INFO - 104 - azureml.automl.runtime._ml_engine.featurizer_suggestion.dynamic_suggestions.perform_feature_sweeping:108 - Feature sweeping disabled.
2021-02-23 15:25:18.087 - INFO - 104 - azureml.automl.runtime._ml_engine.featurizer_suggestion.suggest_featurizers._log_activity:92 - ActivityCompleted: Activity=FeatureSweeping, HowEnded=Success, Duration=0.12[ms]
2021-02-23 15:25:18.088 - INFO - 104 - azureml.automl.runtime._ml_engine.featurizer_suggestion.suggest_featurizers.suggest_featurizers:184 - Transforms:
col 0, transformers: SimpleImputer
col 3, transformers: SimpleImputer
col 4, transformers: SimpleImputer
col 7, transformers: SimpleImputer
col 9, transformers: SimpleImputer
2021-02-23 15:25:18.088 - INFO - 104 - azureml.automl.runtime._ml_engine.featurizer_suggestion.suggest_featurizers.suggest_featurizers:185 - The stats_computation for raw data are following:-
	Number of Text features: 0
	Number of Hashes features: 0
	Number of DateTime features: 0
	Number of Ignore features: 0
	Number of Categorical features: 8
	Number of CategoricalHash features: 0
	Number of Numeric features: 5
	Number of AllNan features: 0
2021-02-23 15:25:18.088 - INFO - 104 - azureml.automl.runtime._ml_engine.featurizer_suggestion.suggest_featurizers.suggest_featurizers:187 - End getting transformers.
2021-02-23 15:25:18.088 - INFO - 104 - azureml.automl.runtime.featurization.data_transformer.__init__:174 - Feature sweeping enabled: False
2021-02-23 15:25:18.088 - INFO - 104 - azureml.automl.runtime.featurization.data_transformer.__init__:175 - Feature sweeping timeout: 86400
2021-02-23 15:25:18.101 - INFO - 104 - azureml.train.automl.runtime._entrypoints.remote.setup_run._save_setup_run_state_for_featurization_run:96 - Saving artifacts required for separate featurization run.
2021-02-23 15:25:18.115 - INFO - 104 - azureml.automl.runtime._data_transformation_utilities._log_activity:54 - ActivityStarted: FeatureConfigUpload
2021-02-23 15:25:18.899 - INFO - 104 - azureml.automl.runtime._data_transformation_utilities._log_activity:92 - ActivityCompleted: Activity=FeatureConfigUpload, HowEnded=Success, Duration=784.03[ms]
2021-02-23 15:25:18.910 - INFO - 104 - azureml.automl.runtime._data_transformation_utilities._log_activity:54 - ActivityStarted: EngineeredFeatureNamesUpload
2021-02-23 15:25:19.210 - INFO - 104 - azureml.automl.runtime._data_transformation_utilities._log_activity:92 - ActivityCompleted: Activity=EngineeredFeatureNamesUpload, HowEnded=Success, Duration=300.03[ms]
2021-02-23 15:25:19.322 - INFO - 104 - azureml.automl.runtime._data_transformation_utilities._log_activity:54 - ActivityStarted: FeaturizationJsonUpload
2021-02-23 15:25:19.623 - INFO - 104 - azureml.automl.runtime._data_transformation_utilities._log_activity:92 - ActivityCompleted: Activity=FeaturizationJsonUpload, HowEnded=Success, Duration=301.16[ms]
