2021-02-23 15:25:31,520|azureml|DEBUG|Execute Job Release Inputs:: kwargs: {'disable_output_upload': True}, track_folders: None, deny_list: None, directories_to_watch: []
2021-02-23 15:25:31,522|azureml._base_sdk_common.service_discovery|DEBUG|Found history service url in environment variable AZUREML_SERVICE_ENDPOINT, history service url: https://southcentralus.experiments.azureml.net.
2021-02-23 15:25:31,523|azureml.history._tracking.PythonWorkingDirectory|DEBUG|Execution target type: batchai
2021-02-23 15:25:31,523|azureml.history._tracking.PythonWorkingDirectory|DEBUG|Failed to import pyspark with error: No module named 'pyspark'
2021-02-23 15:25:31,523|azureml.history._tracking.PythonWorkingDirectory.workingdir|DEBUG|Pinning working directory for filesystems: ['pyfs']
2021-02-23 15:25:31,524|azureml.core.run|DEBUG|Identity in use is not set. Falling back to using AMLToken
2021-02-23 15:25:31,524|azureml._base_sdk_common.service_discovery|DEBUG|Found history service url in environment variable AZUREML_SERVICE_ENDPOINT, history service url: https://southcentralus.experiments.azureml.net.
2021-02-23 15:25:31,524|azureml.core.run|DEBUG|Using AMLToken auth for remote run
2021-02-23 15:25:31,525|azureml._base_sdk_common.service_discovery|DEBUG|Found history service url in environment variable AZUREML_SERVICE_ENDPOINT, history service url: https://southcentralus.experiments.azureml.net.
2021-02-23 15:25:31,535|azureml._restclient.service_context|DEBUG|Access an existing static threadpool for ServiceContext class
2021-02-23 15:25:31,555|azureml._SubmittedRun#AutoML_706510b9-e904-4da3-80f4-3cd9ee175e4e_setup.RunHistoryFacade.RunClient.get_by_exp_id-async:False|DEBUG|[START]
2021-02-23 15:25:31,555|azureml._base_sdk_common.service_discovery|DEBUG|Found history service url in environment variable AZUREML_SERVICE_ENDPOINT, history service url: https://southcentralus.experiments.azureml.net.
2021-02-23 15:25:31,556|azureml._base_sdk_common.service_discovery|DEBUG|Found history service url in environment variable AZUREML_SERVICE_ENDPOINT, history service url: https://southcentralus.experiments.azureml.net.
2021-02-23 15:25:31,556|azureml._SubmittedRun#AutoML_706510b9-e904-4da3-80f4-3cd9ee175e4e_setup.RunHistoryFacade.RunClient|DEBUG|ClientBase: Calling get_by_exp_id with url /history/v1.0/subscriptions/{subscriptionId}/resourceGroups/{resourceGroupName}/providers/Microsoft.MachineLearningServices/workspaces/{workspaceName}/experimentids/{experimentId}/runs/{runId}
2021-02-23 15:25:31,556|azureml._base_sdk_common.service_discovery|DEBUG|Found history service url in environment variable AZUREML_SERVICE_ENDPOINT, history service url: https://southcentralus.experiments.azureml.net.
2021-02-23 15:25:31,557|azureml._base_sdk_common.service_discovery|DEBUG|Found history service url in environment variable AZUREML_SERVICE_ENDPOINT, history service url: https://southcentralus.experiments.azureml.net.
2021-02-23 15:25:31,558|azureml._base_sdk_common.service_discovery|DEBUG|Found history service url in environment variable AZUREML_SERVICE_ENDPOINT, history service url: https://southcentralus.experiments.azureml.net.
2021-02-23 15:25:31,563|azureml._base_sdk_common.service_discovery|DEBUG|Found history service url in environment variable AZUREML_SERVICE_ENDPOINT, history service url: https://southcentralus.experiments.azureml.net.
2021-02-23 15:25:31,574|azureml._base_sdk_common.service_discovery|DEBUG|Found history service url in environment variable AZUREML_SERVICE_ENDPOINT, history service url: https://southcentralus.experiments.azureml.net.
2021-02-23 15:25:31,600|azureml._SubmittedRun#AutoML_706510b9-e904-4da3-80f4-3cd9ee175e4e_setup.RunHistoryFacade.RunClient.get_by_exp_id-async:False|DEBUG|[START]
2021-02-23 15:25:31,601|azureml._SubmittedRun#AutoML_706510b9-e904-4da3-80f4-3cd9ee175e4e_setup.RunHistoryFacade.RunClient|DEBUG|ClientBase: Calling get_by_exp_id with url /history/v1.0/subscriptions/{subscriptionId}/resourceGroups/{resourceGroupName}/providers/Microsoft.MachineLearningServices/workspaces/{workspaceName}/experimentids/{experimentId}/runs/{runId}
2021-02-23 15:25:31,601|azureml._base_sdk_common.service_discovery|DEBUG|Found history service url in environment variable AZUREML_SERVICE_ENDPOINT, history service url: https://southcentralus.experiments.azureml.net.
2021-02-23 15:25:31,605|azureml._base_sdk_common.service_discovery|DEBUG|Found history service url in environment variable AZUREML_SERVICE_ENDPOINT, history service url: https://southcentralus.experiments.azureml.net.
2021-02-23 15:25:31,605|azureml._base_sdk_common.service_discovery|DEBUG|Found history service url in environment variable AZUREML_SERVICE_ENDPOINT, history service url: https://southcentralus.experiments.azureml.net.
2021-02-23 15:25:31,642|azureml._SubmittedRun#AutoML_706510b9-e904-4da3-80f4-3cd9ee175e4e_setup.RunHistoryFacade.RunClient.get_by_exp_id-async:False|DEBUG|[START]
2021-02-23 15:25:31,644|azureml._SubmittedRun#AutoML_706510b9-e904-4da3-80f4-3cd9ee175e4e_setup.RunHistoryFacade.RunClient|DEBUG|ClientBase: Calling get_by_exp_id with url /history/v1.0/subscriptions/{subscriptionId}/resourceGroups/{resourceGroupName}/providers/Microsoft.MachineLearningServices/workspaces/{workspaceName}/experimentids/{experimentId}/runs/{runId}
2021-02-23 15:25:31,679|azureml._SubmittedRun#AutoML_706510b9-e904-4da3-80f4-3cd9ee175e4e_setup.RunHistoryFacade.RunClient.get_by_exp_id-async:False|DEBUG|[STOP]
2021-02-23 15:25:31,680|azureml._SubmittedRun#AutoML_706510b9-e904-4da3-80f4-3cd9ee175e4e_setup|DEBUG|Constructing run from dto. type: azureml.scriptrun, source: None, props: {'_aml_system_scenario_identification': 'Remote.SetUp', 'runTemplate': 'automl_child', 'iteration': 'setup', 'parentRunId': 'AutoML_706510b9-e904-4da3-80f4-3cd9ee175e4e', '_azureml.ComputeTargetType': 'amlcompute', 'ContentSnapshotId': '3c9ac256-1f40-4423-9547-1f348802ff31', 'ProcessInfoFile': 'azureml-logs/process_info.json', 'ProcessStatusFile': 'azureml-logs/process_status.json', 'ChosenFeaturizersPath': 'feature_config.pkl', 'EngineeredNamesPath': 'feature_names.pkl', 'FeaturizationRunJsonPath': 'featurizer_container.json'}
2021-02-23 15:25:31,680|azureml._SubmittedRun#AutoML_706510b9-e904-4da3-80f4-3cd9ee175e4e_setup.RunContextManager|DEBUG|Valid logs dir, setting up content loader
2021-02-23 15:25:31,704|azureml._SubmittedRun#AutoML_706510b9-e904-4da3-80f4-3cd9ee175e4e_setup.RunHistoryFacade.RunClient.get_by_exp_id-async:False|DEBUG|[STOP]
2021-02-23 15:25:31,705|azureml._SubmittedRun#AutoML_706510b9-e904-4da3-80f4-3cd9ee175e4e_setup|DEBUG|Constructing run from dto. type: azureml.scriptrun, source: None, props: {'_aml_system_scenario_identification': 'Remote.SetUp', 'runTemplate': 'automl_child', 'iteration': 'setup', 'parentRunId': 'AutoML_706510b9-e904-4da3-80f4-3cd9ee175e4e', '_azureml.ComputeTargetType': 'amlcompute', 'ContentSnapshotId': '3c9ac256-1f40-4423-9547-1f348802ff31', 'ProcessInfoFile': 'azureml-logs/process_info.json', 'ProcessStatusFile': 'azureml-logs/process_status.json', 'ChosenFeaturizersPath': 'feature_config.pkl', 'EngineeredNamesPath': 'feature_names.pkl', 'FeaturizationRunJsonPath': 'featurizer_container.json'}
2021-02-23 15:25:31,706|azureml._SubmittedRun#AutoML_706510b9-e904-4da3-80f4-3cd9ee175e4e_setup.RunContextManager|DEBUG|Valid logs dir, setting up content loader
2021-02-23 15:25:31,707|azureml.WorkerPool|DEBUG|[START]
2021-02-23 15:25:31,707|azureml.TrackFolders|DEBUG|[START]
2021-02-23 15:25:31,707|azureml|DEBUG|Executing history release.
2021-02-23 15:25:31,707|azureml.history._tracking.PythonWorkingDirectory.workingdir|DEBUG|Uploading tracked directories: [], excluding ['azureml-logs/driver_log']
2021-02-23 15:25:31,710|azureml._SubmittedRun#AutoML_706510b9-e904-4da3-80f4-3cd9ee175e4e_setup.RunHistoryFacade.RunClient.get_by_exp_id-async:False|DEBUG|[STOP]
2021-02-23 15:25:31,710|azureml.history._tracking.PythonWorkingDirectory.workingdir|DEBUG|Calling track for pyfs
2021-02-23 15:25:31,711|azureml._SubmittedRun#AutoML_706510b9-e904-4da3-80f4-3cd9ee175e4e_setup|DEBUG|Constructing run from dto. type: azureml.scriptrun, source: None, props: {'_aml_system_scenario_identification': 'Remote.SetUp', 'runTemplate': 'automl_child', 'iteration': 'setup', 'parentRunId': 'AutoML_706510b9-e904-4da3-80f4-3cd9ee175e4e', '_azureml.ComputeTargetType': 'amlcompute', 'ContentSnapshotId': '3c9ac256-1f40-4423-9547-1f348802ff31', 'ProcessInfoFile': 'azureml-logs/process_info.json', 'ProcessStatusFile': 'azureml-logs/process_status.json', 'ChosenFeaturizersPath': 'feature_config.pkl', 'EngineeredNamesPath': 'feature_names.pkl', 'FeaturizationRunJsonPath': 'featurizer_container.json'}
2021-02-23 15:25:31,712|azureml.TrackFolders|DEBUG|[STOP]
2021-02-23 15:25:31,712|azureml._SubmittedRun#AutoML_706510b9-e904-4da3-80f4-3cd9ee175e4e_setup.RunContextManager|DEBUG|Valid logs dir, setting up content loader
2021-02-23 15:25:31,712|azureml.HistoryTrackingWorkerPool.WorkerPoolShutdown|DEBUG|[START]
2021-02-23 15:25:31,712|azureml.HistoryTrackingWorkerPool.WorkerPoolShutdown|DEBUG|[STOP]
2021-02-23 15:25:31,712|azureml.WorkerPool|DEBUG|[STOP]
